[2020-09-16 15:23:07] START
[2020-09-16 15:51:49] CREATE tradebook.py: 0
[2020-09-16 15:53:44] EDIT watchDogs/models/db.py: 1
[2020-09-16 15:55:43] EDIT watchDogs/models/db.py: 59
[2020-09-16 16:02:12] EDIT watchDogs/controllers/tradebook.py: 5
[2020-09-16 16:05:28] EDIT watchDogs/controllers/tradebook.py: 0
[2020-09-16 16:05:49] CREATE tradebook/view.html: 0
[2020-09-16 16:06:24] EDIT watchDogs/views/tradebook/view.html: 18
[2020-09-16 16:06:52] EDIT watchDogs/views/tradebook/view.html: 0
[2020-09-16 16:07:27] EDIT watchDogs/controllers/tradebook.py: 0
[2020-09-16 16:07:37] EDIT watchDogs/models/db.py: 0
[2020-09-16 16:11:17] EDIT watchDogs/controllers/tradebook.py: 1
[2020-09-16 16:17:25] EDIT watchDogs/controllers/tradebook.py: 62
[2020-09-16 16:22:58] EDIT watchDogs/controllers/tradebook.py: 21
[2020-09-16 16:23:17] EDIT watchDogs/controllers/tradebook.py: 0
[2020-09-16 16:23:23] EDIT watchDogs/controllers/tradebook.py: 0
[2020-09-16 16:23:31] EDIT watchDogs/controllers/tradebook.py: 0
[2020-09-16 16:23:37] EDIT watchDogs/controllers/tradebook.py: 0
[2020-09-16 16:23:42] EDIT watchDogs/controllers/tradebook.py: 0
[2020-09-16 16:23:47] EDIT watchDogs/controllers/tradebook.py: 0
[2020-09-16 16:23:53] EDIT watchDogs/controllers/tradebook.py: 0
[2020-09-16 16:23:58] EDIT watchDogs/controllers/tradebook.py: 0
[2020-09-16 16:24:06] EDIT watchDogs/controllers/tradebook.py: 0
[2020-09-16 16:24:12] EDIT watchDogs/controllers/tradebook.py: 0
[2020-09-16 16:24:17] EDIT watchDogs/controllers/tradebook.py: 0
[2020-09-16 16:24:21] EDIT watchDogs/controllers/tradebook.py: 0
[2020-09-16 16:24:25] EDIT watchDogs/controllers/tradebook.py: 0
[2020-09-16 16:24:29] EDIT watchDogs/controllers/tradebook.py: 0
[2020-09-16 16:24:34] EDIT watchDogs/controllers/tradebook.py: 0
[2020-09-16 16:24:36] EDIT watchDogs/controllers/tradebook.py: 0
[2020-09-16 16:24:40] EDIT watchDogs/controllers/tradebook.py: 0
[2020-09-16 16:24:46] EDIT watchDogs/controllers/tradebook.py: 0
[2020-09-16 16:24:57] EDIT watchDogs/controllers/tradebook.py: 0
[2020-09-16 16:25:03] EDIT watchDogs/controllers/tradebook.py: 0
[2020-09-16 16:28:27] EDIT watchDogs/controllers/tradebook.py: 2
[2020-09-16 16:32:10] EDIT watchDogs/controllers/tradebook.py: 5
[2020-09-16 16:32:23] EDIT watchDogs/controllers/tradebook.py: 0
[2020-09-16 16:34:08] EDIT watchDogs/controllers/tradebook.py: 21
[2020-09-16 16:34:18] EDIT watchDogs/controllers/tradebook.py: 0
[2020-09-16 16:34:22] EDIT watchDogs/controllers/tradebook.py: 0
[2020-09-16 16:35:06] EDIT watchDogs/controllers/tradebook.py: 0
[2020-09-16 16:35:44] CREATE tradebook/detectFronrunning.html: 0
[2020-09-16 16:35:59] EDIT watchDogs/controllers/tradebook.py: 0
[2020-09-16 16:36:30] DELETE watchDogs/views/tradebook/detectFronrunning.html: -3
[2020-09-16 16:36:50] CREATE tradebook/detectFrontrunning.html: 0
[2020-09-16 16:38:06] EDIT watchDogs/controllers/tradebook.py: 0
[2020-09-16 16:39:54] EDIT watchDogs/controllers/tradebook.py: 1
[2020-09-16 16:40:05] EDIT watchDogs/controllers/tradebook.py: 0
[2020-09-16 16:40:06] EDIT watchDogs/controllers/tradebook.py: 0
[2020-09-16 16:40:16] EDIT watchDogs/controllers/tradebook.py: 0
[2020-09-16 16:40:31] EDIT watchDogs/controllers/tradebook.py: 0
[2020-09-16 16:40:53] EDIT watchDogs/controllers/tradebook.py: 0
[2020-09-16 16:40:59] EDIT watchDogs/controllers/tradebook.py: 0
[2020-09-16 16:41:07] EDIT watchDogs/controllers/tradebook.py: 0
[2020-09-16 16:41:13] EDIT watchDogs/controllers/tradebook.py: 0
[2020-09-16 16:41:22] EDIT watchDogs/controllers/tradebook.py: 0
[2020-09-16 16:41:28] EDIT watchDogs/controllers/tradebook.py: 0
[2020-09-16 16:41:38] EDIT watchDogs/controllers/tradebook.py: 0
[2020-09-16 16:41:47] EDIT watchDogs/controllers/tradebook.py: 0
[2020-09-16 16:42:11] EDIT watchDogs/controllers/tradebook.py: 0
[2020-09-16 16:42:22] EDIT watchDogs/controllers/tradebook.py: 0
[2020-09-16 16:42:48] EDIT watchDogs/controllers/tradebook.py: 0
[2020-09-16 16:42:55] EDIT watchDogs/controllers/tradebook.py: 0
[2020-09-16 16:43:03] EDIT watchDogs/controllers/tradebook.py: 0
[2020-09-16 16:43:19] EDIT watchDogs/controllers/tradebook.py: 0
[2020-09-16 16:43:26] EDIT watchDogs/controllers/tradebook.py: 0
[2020-09-16 16:43:34] EDIT watchDogs/controllers/tradebook.py: 0
[2020-09-16 16:43:45] EDIT watchDogs/controllers/tradebook.py: 0
[2020-09-16 16:43:48] EDIT watchDogs/controllers/tradebook.py: 0
[2020-09-16 16:56:35] EDIT watchDogs/controllers/tradebook.py: 3
[2020-09-16 16:56:46] EDIT watchDogs/controllers/tradebook.py: 0
[2020-09-16 16:56:51] EDIT watchDogs/controllers/tradebook.py: 0
[2020-09-16 16:56:59] EDIT watchDogs/controllers/tradebook.py: 0
[2020-09-16 16:57:03] EDIT watchDogs/controllers/tradebook.py: 0
[2020-09-16 16:57:07] EDIT watchDogs/controllers/tradebook.py: 0
[2020-09-16 16:57:12] EDIT watchDogs/controllers/tradebook.py: 0
[2020-09-16 16:57:16] EDIT watchDogs/controllers/tradebook.py: 0
[2020-09-16 16:57:21] EDIT watchDogs/controllers/tradebook.py: 0
[2020-09-16 16:57:25] EDIT watchDogs/controllers/tradebook.py: 0
[2020-09-16 16:57:30] EDIT watchDogs/controllers/tradebook.py: 0
[2020-09-16 16:57:35] EDIT watchDogs/controllers/tradebook.py: 0
[2020-09-16 16:57:39] EDIT watchDogs/controllers/tradebook.py: 0
[2020-09-16 16:57:43] EDIT watchDogs/controllers/tradebook.py: 0
[2020-09-16 16:57:47] EDIT watchDogs/controllers/tradebook.py: 0
[2020-09-16 16:57:51] EDIT watchDogs/controllers/tradebook.py: 0
[2020-09-16 16:57:54] EDIT watchDogs/controllers/tradebook.py: 0
[2020-09-16 16:57:57] EDIT watchDogs/controllers/tradebook.py: 0
[2020-09-16 16:58:02] EDIT watchDogs/controllers/tradebook.py: 0
[2020-09-16 16:58:57] EDIT watchDogs/controllers/tradebook.py: 1
[2020-09-16 17:01:41] EDIT watchDogs/controllers/tradebook.py: 0
[2020-09-16 17:02:50] EDIT watchDogs/controllers/tradebook.py: 0
[2020-09-16 17:07:37] EDIT watchDogs/controllers/tradebook.py: 0
[2020-09-16 17:26:44] EDIT watchDogs/views/tradebook/detectFrontrunning.html: 2
[2020-09-16 17:27:34] EDIT watchDogs/views/tradebook/detectFrontrunning.html: 3
[2020-09-16 17:50:14] EDIT watchDogs/views/tradebook/detectFrontrunning.html: 0
[2020-09-16 17:51:56] EDIT watchDogs/controllers/tradebook.py: 0
[2020-09-16 18:15:00] EDIT watchDogs/controllers/tradebook.py: 5
[2020-09-16 18:23:04] EDIT watchDogs/controllers/tradebook.py: 15
[2020-09-16 18:23:59] EDIT watchDogs/controllers/tradebook.py: 5
[2020-09-16 18:25:14] EDIT watchDogs/controllers/tradebook.py: 6
[2020-09-16 18:25:20] EDIT watchDogs/controllers/tradebook.py: 0
[2020-09-16 18:25:23] EDIT watchDogs/controllers/tradebook.py: 0
[2020-09-16 18:25:26] EDIT watchDogs/controllers/tradebook.py: 0
[2020-09-16 18:25:29] EDIT watchDogs/controllers/tradebook.py: 0
[2020-09-16 18:25:32] EDIT watchDogs/controllers/tradebook.py: 0
[2020-09-16 18:25:36] EDIT watchDogs/controllers/tradebook.py: 0
[2020-09-16 18:25:39] EDIT watchDogs/controllers/tradebook.py: 0
[2020-09-16 18:25:42] EDIT watchDogs/controllers/tradebook.py: 0
[2020-09-16 18:25:44] EDIT watchDogs/controllers/tradebook.py: 0
[2020-09-16 18:25:48] EDIT watchDogs/controllers/tradebook.py: 0
[2020-09-16 18:25:50] EDIT watchDogs/controllers/tradebook.py: 0
[2020-09-16 18:25:53] EDIT watchDogs/controllers/tradebook.py: 0
[2020-09-16 18:25:55] EDIT watchDogs/controllers/tradebook.py: 0
[2020-09-16 18:25:58] EDIT watchDogs/controllers/tradebook.py: 0
[2020-09-16 18:26:03] EDIT watchDogs/controllers/tradebook.py: 0
[2020-09-16 18:26:05] EDIT watchDogs/controllers/tradebook.py: 0
[2020-09-16 18:26:07] EDIT watchDogs/controllers/tradebook.py: 0
[2020-09-16 18:26:09] EDIT watchDogs/controllers/tradebook.py: 0
[2020-09-16 18:28:06] EDIT watchDogs/controllers/tradebook.py: 40
[2020-09-16 18:28:19] EDIT watchDogs/controllers/tradebook.py: 0
[2020-09-16 18:28:20] EDIT watchDogs/controllers/tradebook.py: 0
[2020-09-16 18:28:21] EDIT watchDogs/controllers/tradebook.py: 0
[2020-09-16 18:28:25] EDIT watchDogs/controllers/tradebook.py: 0
[2020-09-16 18:28:29] EDIT watchDogs/controllers/tradebook.py: 0
[2020-09-16 18:28:59] EDIT watchDogs/controllers/tradebook.py: -7
[2020-09-16 18:29:05] EDIT watchDogs/controllers/tradebook.py: 0
[2020-09-16 18:29:13] EDIT watchDogs/controllers/tradebook.py: 0
[2020-09-16 18:30:00] EDIT watchDogs/controllers/tradebook.py: -1
[2020-09-16 18:30:06] EDIT watchDogs/views/tradebook/detectFrontrunning.html: 0
[2020-09-16 18:35:01] EDIT watchDogs/controllers/tradebook.py: 0
[2020-09-16 18:35:24] DELETE watchDogs/views/tradebook/detectFrontrunning.html: -8
[2020-09-16 18:35:40] CREATE tradebook/get_data_for_frontrunning.html: 0
[2020-09-16 18:36:17] EDIT watchDogs/controllers/tradebook.py: 2
[2020-09-16 18:36:22] EDIT watchDogs/controllers/tradebook.py: 0
[2020-09-16 18:37:25] EDIT watchDogs/controllers/tradebook.py: 3
[2020-09-16 18:37:42] EDIT watchDogs/controllers/tradebook.py: 3
[2020-09-16 18:37:46] EDIT watchDogs/controllers/tradebook.py: 0
[2020-09-16 18:38:25] EDIT watchDogs/controllers/tradebook.py: 18
[2020-09-16 18:39:54] EDIT watchDogs/views/tradebook/get_data_for_frontrunning.html: 29
[2020-09-16 18:43:13] EDIT watchDogs/controllers/tradebook.py: -1
[2020-09-16 18:43:19] EDIT watchDogs/controllers/tradebook.py: 0
[2020-09-16 18:43:25] EDIT watchDogs/controllers/tradebook.py: 0
[2020-09-16 18:43:56] EDIT watchDogs/controllers/tradebook.py: 0
[2020-09-16 18:59:36] EDIT watchDogs/controllers/tradebook.py: 2
[2020-09-16 18:59:42] EDIT watchDogs/controllers/tradebook.py: 0
[2020-09-16 18:59:48] EDIT watchDogs/controllers/tradebook.py: 0
[2020-09-16 18:59:53] EDIT watchDogs/controllers/tradebook.py: 0
[2020-09-16 18:59:56] EDIT watchDogs/controllers/tradebook.py: 0
[2020-09-16 18:59:59] EDIT watchDogs/controllers/tradebook.py: 0
[2020-09-16 19:00:01] EDIT watchDogs/controllers/tradebook.py: 0
[2020-09-16 19:00:03] EDIT watchDogs/controllers/tradebook.py: 0
[2020-09-16 19:00:05] EDIT watchDogs/controllers/tradebook.py: 0
[2020-09-16 19:00:07] EDIT watchDogs/controllers/tradebook.py: 0
[2020-09-16 19:00:09] EDIT watchDogs/controllers/tradebook.py: 0
[2020-09-16 19:00:12] EDIT watchDogs/controllers/tradebook.py: 0
[2020-09-16 19:00:14] EDIT watchDogs/controllers/tradebook.py: 0
[2020-09-16 19:00:27] EDIT watchDogs/controllers/tradebook.py: 0
[2020-09-16 19:00:33] EDIT watchDogs/controllers/tradebook.py: 0
[2020-09-16 19:00:38] EDIT watchDogs/controllers/tradebook.py: 0
[2020-09-16 19:00:43] EDIT watchDogs/controllers/tradebook.py: 0
[2020-09-16 19:00:46] EDIT watchDogs/controllers/tradebook.py: 0
[2020-09-16 19:00:49] EDIT watchDogs/controllers/tradebook.py: 0
[2020-09-16 19:00:56] EDIT watchDogs/controllers/tradebook.py: 0
[2020-09-16 19:00:59] EDIT watchDogs/controllers/tradebook.py: 0
[2020-09-16 19:01:01] EDIT watchDogs/controllers/tradebook.py: 0
[2020-09-16 19:01:03] EDIT watchDogs/controllers/tradebook.py: 0
[2020-09-16 19:01:05] EDIT watchDogs/controllers/tradebook.py: 0
[2020-09-16 19:01:11] EDIT watchDogs/controllers/tradebook.py: 0
[2020-09-16 19:01:13] EDIT watchDogs/controllers/tradebook.py: 0
[2020-09-16 19:01:16] EDIT watchDogs/controllers/tradebook.py: 0
[2020-09-16 19:01:19] EDIT watchDogs/controllers/tradebook.py: 0
[2020-09-16 19:01:23] EDIT watchDogs/controllers/tradebook.py: 0
[2020-09-16 19:01:25] EDIT watchDogs/controllers/tradebook.py: 0
[2020-09-16 19:01:28] EDIT watchDogs/controllers/tradebook.py: 0
[2020-09-16 19:01:31] EDIT watchDogs/controllers/tradebook.py: 0
[2020-09-16 19:01:34] EDIT watchDogs/controllers/tradebook.py: 0
[2020-09-16 19:01:36] EDIT watchDogs/controllers/tradebook.py: 0
[2020-09-16 19:01:38] EDIT watchDogs/controllers/tradebook.py: 0
[2020-09-16 19:01:41] EDIT watchDogs/controllers/tradebook.py: 0
[2020-09-16 19:02:05] EDIT watchDogs/controllers/tradebook.py: 2
[2020-09-16 19:02:38] EDIT watchDogs/controllers/tradebook.py: 1
[2020-09-16 19:03:19] CREATE tradebook/get_data_washtrade.html: 0
[2020-09-16 19:05:05] EDIT watchDogs/controllers/tradebook.py: 0
[2020-09-16 19:07:24] CREATE tradebook/view_washtrade_table.html: 0
[2020-09-16 19:07:52] EDIT watchDogs/views/tradebook/view_washtrade_table.html: 13
[2020-09-16 19:08:45] DELETE watchDogs/views/tradebook/view_washtrade_table.html: -16
[2020-09-16 19:09:19] CREATE tradebook/view_washtrade_table.html: 0
[2020-09-16 19:09:37] EDIT watchDogs/views/tradebook/view_washtrade_table.html: 12
[2020-09-16 19:10:21] EDIT watchDogs/controllers/tradebook.py: 7
[2020-09-16 19:10:59] EDIT watchDogs/controllers/tradebook.py: 0
[2020-09-16 19:11:21] CREATE tradebook/view_washtrade.html: 0
[2020-09-16 19:14:38] EDIT watchDogs/models/db.py: 5
[2020-09-16 19:15:11] EDIT watchDogs/views/tradebook/view_washtrade.html: 1
[2020-09-16 19:15:22] EDIT watchDogs/views/tradebook/view_washtrade.html: 14
[2020-09-16 19:15:26] EDIT watchDogs/views/tradebook/view_washtrade.html: -1
[2020-09-16 19:22:54] EDIT watchDogs/controllers/tradebook.py: 5
[2020-09-16 19:26:24] EDIT watchDogs/models/db.py: 0
[2020-09-16 19:27:11] EDIT watchDogs/controllers/tradebook.py: 2
[2020-09-16 19:32:06] EDIT watchDogs/views/tradebook/get_data_washtrade.html: 10
[2020-09-16 19:33:16] EDIT watchDogs/models/db.py: 0
[2020-09-16 19:34:26] EDIT watchDogs/controllers/tradebook.py: 0
[2020-09-16 19:38:11] EDIT watchDogs/controllers/tradebook.py: 0
[2020-09-16 19:40:42] EDIT watchDogs/models/db.py: 0
[2020-09-16 19:42:48] EDIT watchDogs/models/db.py: 0
[2020-09-16 19:43:20] EDIT watchDogs/controllers/tradebook.py: 0
[2020-09-16 19:43:24] EDIT watchDogs/models/db.py: 0
[2020-09-16 19:48:34] EDIT watchDogs/models/db.py: 0
[2020-09-16 19:49:09] EDIT watchDogs/controllers/tradebook.py: 0
[2020-09-16 19:49:57] EDIT watchDogs/controllers/tradebook.py: 0
[2020-09-16 19:51:05] EDIT watchDogs/controllers/tradebook.py: 0
[2020-09-16 19:53:20] EDIT watchDogs/models/db.py: 0
[2020-09-16 19:56:28] EDIT watchDogs/controllers/tradebook.py: 0
[2020-09-16 19:58:51] EDIT watchDogs/views/tradebook/get_data_washtrade.html: 0
[2020-09-16 19:58:54] EDIT watchDogs/controllers/tradebook.py: 0
[2020-09-16 19:59:21] EDIT watchDogs/controllers/tradebook.py: 0
[2020-09-16 20:00:01] EDIT watchDogs/models/db.py: 0
[2020-09-16 20:00:20] EDIT watchDogs/controllers/tradebook.py: 0
[2020-09-16 20:02:50] EDIT watchDogs/controllers/tradebook.py: 0
[2020-09-16 20:04:38] EDIT watchDogs/controllers/tradebook.py: 1
[2020-09-16 20:10:43] EDIT watchDogs/views/tradebook/view.html: 0
[2020-09-16 20:11:27] EDIT watchDogs/controllers/tradebook.py: 17
[2020-09-16 20:14:18] EDIT watchDogs/controllers/tradebook.py: 0
[2020-09-16 20:20:03] EDIT watchDogs/controllers/tradebook.py: 0
[2020-09-16 20:23:35] EDIT watchDogs/controllers/tradebook.py: 0
[2020-09-16 20:25:24] EDIT watchDogs/controllers/tradebook.py: 0
[2020-09-16 20:25:32] EDIT watchDogs/controllers/tradebook.py: 0
[2020-09-16 21:23:55] EDIT watchDogs/views/tradebook/view.html: 0
[2020-09-16 21:27:18] EDIT watchDogs/views/tradebook/get_data_washtrade.html: 0
[2020-09-17 08:04:40] EDIT watchDogs/controllers/tradebook.py: 0
[2020-09-17 08:07:38] EDIT watchDogs/views/tradebook/get_data_washtrade.html: 2
[2020-09-17 08:10:10] EDIT watchDogs/views/tradebook/get_data_washtrade.html: -2
