timestamp: 2020-09-05T07:32:33.265473
CREATE TABLE "auth_user"(
    "id" INTEGER PRIMARY KEY AUTOINCREMENT,
    "first_name" CHAR(128),
    "last_name" CHAR(128),
    "email" CHAR(512),
    "password" CHAR(512),
    "registration_key" CHAR(512),
    "reset_password_key" CHAR(512),
    "registration_id" CHAR(512)
);
success!
timestamp: 2020-09-05T07:32:33.284418
CREATE TABLE "auth_group"(
    "id" INTEGER PRIMARY KEY AUTOINCREMENT,
    "role" CHAR(512),
    "description" TEXT
);
success!
timestamp: 2020-09-05T07:32:33.298381
CREATE TABLE "auth_membership"(
    "id" INTEGER PRIMARY KEY AUTOINCREMENT,
    "user_id" INTEGER REFERENCES "auth_user" ("id") ON DELETE CASCADE  ,
    "group_id" INTEGER REFERENCES "auth_group" ("id") ON DELETE CASCADE  
);
success!
timestamp: 2020-09-05T07:32:33.316337
CREATE TABLE "auth_permission"(
    "id" INTEGER PRIMARY KEY AUTOINCREMENT,
    "group_id" INTEGER REFERENCES "auth_group" ("id") ON DELETE CASCADE  ,
    "name" CHAR(512),
    "table_name" CHAR(512),
    "record_id" INTEGER
);
success!
timestamp: 2020-09-05T07:32:33.334287
CREATE TABLE "auth_event"(
    "id" INTEGER PRIMARY KEY AUTOINCREMENT,
    "time_stamp" TIMESTAMP,
    "client_ip" CHAR(512),
    "user_id" INTEGER REFERENCES "auth_user" ("id") ON DELETE CASCADE  ,
    "origin" CHAR(512),
    "description" TEXT
);
success!
timestamp: 2020-09-05T07:32:33.377171
CREATE TABLE "auth_cas"(
    "id" INTEGER PRIMARY KEY AUTOINCREMENT,
    "user_id" INTEGER REFERENCES "auth_user" ("id") ON DELETE CASCADE  ,
    "created_on" TIMESTAMP,
    "service" CHAR(512),
    "ticket" CHAR(512),
    "renew" CHAR(1)
);
success!
timestamp: 2020-09-16T15:56:39.621358
CREATE TABLE "tradebook_front_running"(
    "id" INTEGER PRIMARY KEY AUTOINCREMENT,
    "trade_id" CHAR(512),
    "trade_date" CHAR(512),
    "trade_time" CHAR(512),
    "Client_Type" CHAR(512),
    "Client_ID" CHAR(512),
    "stockSymbol" CHAR(512),
    "securityType" CHAR(512),
    "trade_action" CHAR(512),
    "quantity" CHAR(512),
    "price" CHAR(512),
    "brokerID" CHAR(512)
);
success!
timestamp: 2020-09-16T15:56:39.653271
CREATE TABLE "front_running_SSB"(
    "id" INTEGER PRIMARY KEY AUTOINCREMENT,
    "trade_id" CHAR(512),
    "trade_date" CHAR(512),
    "trade_time" CHAR(512),
    "Client_Type" CHAR(512),
    "Client_ID" CHAR(512),
    "stockSymbol" CHAR(512),
    "securityType" CHAR(512),
    "trade_action" CHAR(512),
    "quantity" CHAR(512),
    "price" CHAR(512),
    "brokerID" CHAR(512)
);
success!
timestamp: 2020-09-16T15:56:39.672222
CREATE TABLE "front_running_BBS"(
    "id" INTEGER PRIMARY KEY AUTOINCREMENT,
    "trade_id" CHAR(512),
    "trade_date" CHAR(512),
    "trade_time" CHAR(512),
    "Client_Type" CHAR(512),
    "Client_ID" CHAR(512),
    "stockSymbol" CHAR(512),
    "securityType" CHAR(512),
    "trade_action" CHAR(512),
    "quantity" CHAR(512),
    "price" CHAR(512),
    "brokerID" CHAR(512)
);
success!
timestamp: 2020-09-16T15:56:39.686185
CREATE TABLE "wash_trade_db"(
    "id" INTEGER PRIMARY KEY AUTOINCREMENT,
    "brokerId" CHAR(512),
    "firstname" CHAR(512),
    "lastname" CHAR(512),
    "email" CHAR(512),
    "stockSymbol" CHAR(512)
);
success!
timestamp: 2020-09-16T15:56:39.747365
CREATE TABLE "tradebook_wash"(
    "id" INTEGER PRIMARY KEY AUTOINCREMENT,
    "trade_id" CHAR(512),
    "trade_date" CHAR(512),
    "trade_time" CHAR(512),
    "Client_Type" CHAR(512),
    "Client_ID" CHAR(512),
    "stockSymbol" CHAR(512),
    "securityType" CHAR(512),
    "trade_action" CHAR(512),
    "quantity" CHAR(512),
    "price" CHAR(512),
    "brokerID" CHAR(512)
);
success!
timestamp: 2020-09-16T16:07:38.480532
CREATE TABLE "tradebook"(
    "id" INTEGER PRIMARY KEY AUTOINCREMENT,
    "trade_id" CHAR(512),
    "trade_date" CHAR(512),
    "trade_time" CHAR(512),
    "Client_Type" CHAR(512),
    "Client_ID" CHAR(512),
    "stockSymbol" CHAR(512),
    "securityType" CHAR(512),
    "trade_action" CHAR(512),
    "quantity" CHAR(512),
    "price" CHAR(512),
    "brokerID" CHAR(512)
);
success!
